sixpts/app/build/outputs/logs/manifest-merger-debug-report.txt
-- Merging decision tree log ---
manifest
ADDED from src/main/AndroidManifest.xml:2:1-60:12
	xmlns:android
		ADDED from src/main/AndroidManifest.xml:2:11-69
	package
		ADDED from src/main/AndroidManifest.xml:3:5-25
		INJECTED from src/main/AndroidManifest.xml
		INJECTED from src/main/AndroidManifest.xml
	android:versionName
		INJECTED from src/main/AndroidManifest.xml
		INJECTED from src/main/AndroidManifest.xml
	android:versionCode
		INJECTED from src/main/AndroidManifest.xml
		INJECTED from src/main/AndroidManifest.xml
uses-permission#android.permission.INTERNET
ADDED from src/main/AndroidManifest.xml:5:5-67
	android:name
		ADDED from src/main/AndroidManifest.xml:5:22-64
uses-permission#android.permission.ACCESS_NETWORK_STATE
ADDED from src/main/AndroidManifest.xml:6:5-79
	android:name
		ADDED from src/main/AndroidManifest.xml:6:22-76
application
ADDED from src/main/AndroidManifest.xml:8:5-58:19
MERGED from [com.android.support:appcompat-v7:23.0.1] AndroidManifest.xml:22:5-20
MERGED from [com.android.support:support-v4:23.0.1] AndroidManifest.xml:22:5-20
	android:label
		ADDED from src/main/AndroidManifest.xml:11:9-41
	android:allowBackup
		ADDED from src/main/AndroidManifest.xml:9:9-35
	android:icon
		ADDED from src/main/AndroidManifest.xml:10:9-38
	android:theme
		ADDED from src/main/AndroidManifest.xml:12:9-40
activity#app.sixpts.Main
ADDED from src/main/AndroidManifest.xml:13:9-21:20
	android:label
		ADDED from src/main/AndroidManifest.xml:15:13-45
	android:name
		ADDED from src/main/AndroidManifest.xml:14:13-33
intent-filter#android.intent.category.DEFAULT+app.sixpts.Main
ADDED from src/main/AndroidManifest.xml:16:13-20:29
action#app.sixpts.Main
ADDED from src/main/AndroidManifest.xml:17:17-58
	android:name
		ADDED from src/main/AndroidManifest.xml:17:25-55
category#android.intent.category.DEFAULT
ADDED from src/main/AndroidManifest.xml:19:17-76
	android:name
		ADDED from src/main/AndroidManifest.xml:19:27-73
activity#app.sixpts.Start
ADDED from src/main/AndroidManifest.xml:22:9-30:20
	android:label
		ADDED from src/main/AndroidManifest.xml:24:13-45
	android:name
		ADDED from src/main/AndroidManifest.xml:23:13-34
intent-filter#android.intent.action.MAIN+android.intent.category.LAUNCHER
ADDED from src/main/AndroidManifest.xml:25:13-29:29
action#android.intent.action.MAIN
ADDED from src/main/AndroidManifest.xml:26:17-69
	android:name
		ADDED from src/main/AndroidManifest.xml:26:25-66
category#android.intent.category.LAUNCHER
ADDED from src/main/AndroidManifest.xml:28:17-77
	android:name
		ADDED from src/main/AndroidManifest.xml:28:27-74
activity#app.sixpts.Arriving
ADDED from src/main/AndroidManifest.xml:31:9-39:20
	android:label
		ADDED from src/main/AndroidManifest.xml:33:13-60
	android:name
		ADDED from src/main/AndroidManifest.xml:32:13-37
intent-filter#android.intent.category.DEFAULT+app.sixpts.Arriving
ADDED from src/main/AndroidManifest.xml:34:13-38:29
action#app.sixpts.Arriving
ADDED from src/main/AndroidManifest.xml:35:17-62
	android:name
		ADDED from src/main/AndroidManifest.xml:35:25-59
activity#app.sixpts.Leaving
ADDED from src/main/AndroidManifest.xml:40:9-48:20
	android:label
		ADDED from src/main/AndroidManifest.xml:42:13-59
	android:name
		ADDED from src/main/AndroidManifest.xml:41:13-36
intent-filter#android.intent.category.DEFAULT+app.sixpts.Leaving
ADDED from src/main/AndroidManifest.xml:43:13-47:29
action#app.sixpts.Leaving
ADDED from src/main/AndroidManifest.xml:44:17-61
	android:name
		ADDED from src/main/AndroidManifest.xml:44:25-58
activity#app.sixpts.CheckAvail
ADDED from src/main/AndroidManifest.xml:49:9-57:20
	android:label
		ADDED from src/main/AndroidManifest.xml:51:13-70
	android:name
		ADDED from src/main/AndroidManifest.xml:50:13-39
intent-filter#android.intent.category.DEFAULT+app.sixpts.CheckAvail
ADDED from src/main/AndroidManifest.xml:52:13-56:29
action#app.sixpts.CheckAvail
ADDED from src/main/AndroidManifest.xml:53:17-64
	android:name
		ADDED from src/main/AndroidManifest.xml:53:25-61
uses-sdk
INJECTED from src/main/AndroidManifest.xml reason: use-sdk injection requested
MERGED from [com.android.support:appcompat-v7:23.0.1] AndroidManifest.xml:20:5-43
MERGED from [com.android.support:support-v4:23.0.1] AndroidManifest.xml:20:5-43
	android:targetSdkVersion
		INJECTED from src/main/AndroidManifest.xml
		INJECTED from src/main/AndroidManifest.xml
	android:minSdkVersion
		INJECTED from src/main/AndroidManifest.xml
		INJECTED from src/main/AndroidManifest.xml